TN:
SF:src/api/auth.ts
FN:26,(anonymous_1)
FN:37,(anonymous_2)
FN:45,(anonymous_3)
FNF:3
FNH:0
FNDA:0,(anonymous_1)
FNDA:0,(anonymous_2)
FNDA:0,(anonymous_3)
DA:1,4
DA:22,4
DA:27,0
DA:31,0
DA:38,0
DA:39,0
DA:46,0
DA:47,0
DA:48,0
LF:9
LH:2
BRF:0
BRH:0
end_of_record
TN:
SF:src/api/client.ts
FN:19,(anonymous_4)
FN:31,(anonymous_5)
FN:39,(anonymous_6)
FN:44,(anonymous_7)
FN:92,(anonymous_8)
FN:101,(anonymous_9)
FNF:6
FNH:0
FNDA:0,(anonymous_4)
FNDA:0,(anonymous_5)
FNDA:0,(anonymous_6)
FNDA:0,(anonymous_7)
FNDA:0,(anonymous_8)
FNDA:0,(anonymous_9)
DA:1,9
DA:5,9
DA:6,9
DA:9,9
DA:18,9
DA:21,0
DA:24,0
DA:25,0
DA:26,0
DA:29,0
DA:32,0
DA:33,0
DA:38,9
DA:40,0
DA:41,0
DA:42,0
DA:45,0
DA:46,0
DA:52,0
DA:54,0
DA:55,0
DA:56,0
DA:59,0
DA:63,0
DA:66,0
DA:70,0
DA:72,0
DA:75,0
DA:76,0
DA:79,0
DA:80,0
DA:83,0
DA:84,0
DA:87,0
DA:92,9
DA:97,0
DA:102,0
DA:103,0
DA:106,0
LF:39
LH:7
BRDA:5,0,0,9
BRDA:5,0,1,9
BRDA:25,1,0,0
BRDA:40,2,0,0
BRDA:40,2,1,0
BRDA:45,3,0,0
BRDA:45,3,1,0
BRDA:52,4,0,0
BRDA:59,5,0,0
BRDA:60,6,0,0
BRDA:60,6,1,0
BRDA:70,7,0,0
BRDA:75,8,0,0
BRDA:79,9,0,0
BRDA:83,10,0,0
BRDA:102,11,0,0
BRDA:102,12,0,0
BRDA:102,12,1,0
BRF:18
BRH:2
end_of_record
TN:
SF:src/api/dashboard.ts
FN:8,(anonymous_1)
FNF:1
FNH:0
FNDA:0,(anonymous_1)
DA:1,1
DA:4,1
DA:9,0
DA:10,0
LF:4
LH:2
BRF:0
BRH:0
end_of_record
TN:
SF:src/api/documents.ts
FN:8,(anonymous_1)
FN:13,(anonymous_2)
FN:26,(anonymous_3)
FN:36,(anonymous_4)
FNF:4
FNH:0
FNDA:0,(anonymous_1)
FNDA:0,(anonymous_2)
FNDA:0,(anonymous_3)
FNDA:0,(anonymous_4)
DA:1,1
DA:4,1
DA:12,0
DA:13,0
DA:15,0
DA:20,0
DA:27,0
DA:30,0
DA:37,0
DA:38,0
LF:10
LH:2
BRDA:26,0,0,0
BRDA:26,1,0,0
BRF:2
BRH:0
end_of_record
TN:
SF:src/api/export.ts
FN:27,(anonymous_1)
FN:41,(anonymous_2)
FN:55,(anonymous_3)
FNF:3
FNH:0
FNDA:0,(anonymous_1)
FNDA:0,(anonymous_2)
FNDA:0,(anonymous_3)
DA:1,2
DA:23,2
DA:28,0
DA:35,0
DA:42,0
DA:49,0
DA:58,0
DA:65,0
LF:8
LH:2
BRF:0
BRH:0
end_of_record
TN:
SF:src/api/query.ts
FN:20,(anonymous_1)
FN:28,(anonymous_2)
FNF:2
FNH:0
FNDA:0,(anonymous_1)
FNDA:0,(anonymous_2)
DA:1,2
DA:16,2
DA:21,0
DA:22,0
DA:32,0
DA:35,0
LF:6
LH:2
BRDA:30,0,0,0
BRF:1
BRH:0
end_of_record
TN:
SF:src/app/layout.tsx
FN:13,RootLayout
FNF:1
FNH:1
FNDA:16,RootLayout
DA:1,1
DA:3,1
DA:4,1
DA:6,1
DA:8,1
DA:13,16
LF:6
LH:6
BRF:0
BRH:0
end_of_record
TN:
SF:src/app/page.tsx
FN:12,DashboardPage
FN:39,(anonymous_3)
FN:52,(anonymous_4)
FN:63,(anonymous_5)
FN:95,(anonymous_6)
FN:119,(anonymous_7)
FNF:6
FNH:6
FNDA:12,DashboardPage
FNDA:1,(anonymous_3)
FNDA:4,(anonymous_4)
FNDA:2,(anonymous_5)
FNDA:35,(anonymous_6)
FNDA:28,(anonymous_7)
DA:3,1
DA:4,1
DA:5,1
DA:6,1
DA:7,1
DA:8,1
DA:9,1
DA:10,1
DA:12,12
DA:13,12
DA:14,12
DA:39,1
DA:53,4
DA:64,2
DA:96,35
DA:120,28
LF:16
LH:16
BRDA:19,0,0,2
BRDA:23,1,0,2
BRDA:23,1,1,0
BRDA:39,2,0,1
BRDA:39,2,1,1
BRDA:40,3,0,10
BRDA:40,3,1,9
BRDA:44,4,0,1
BRDA:44,4,1,9
BRDA:50,5,0,1
BRDA:50,5,1,9
BRDA:56,6,0,8
BRDA:56,6,1,1
BRDA:61,7,0,1
BRDA:61,7,1,9
BRDA:72,8,0,8
BRDA:72,8,1,1
BRDA:80,9,0,10
BRDA:80,9,1,9
BRF:19
BRH:18
end_of_record
TN:
SF:src/app/login/page.tsx
FN:8,LoginPage
FN:21,(anonymous_2)
FN:83,(anonymous_3)
FN:104,(anonymous_4)
FNF:4
FNH:4
FNDA:30,LoginPage
FNDA:4,(anonymous_2)
FNDA:3,(anonymous_3)
FNDA:3,(anonymous_4)
DA:3,1
DA:4,1
DA:6,1
DA:8,17
DA:9,30
DA:10,30
DA:11,30
DA:12,30
DA:13,30
DA:16,30
DA:17,2
DA:18,2
DA:21,28
DA:22,4
DA:23,4
DA:25,4
DA:26,4
DA:31,3
DA:83,3
DA:104,3
LF:20
LH:20
BRDA:16,0,0,2
BRDA:154,1,0,4
BRDA:154,1,1,24
BRF:3
BRH:3
end_of_record
TN:
SF:src/app/query/page.tsx
FN:8,QueryPage
FNF:1
FNH:1
FNDA:15,QueryPage
DA:3,1
DA:4,1
DA:5,1
DA:6,1
DA:8,15
DA:16,15
DA:19,15
LF:7
LH:7
BRDA:55,0,0,15
BRDA:68,1,0,15
BRF:2
BRH:2
end_of_record
TN:
SF:src/app/upload/page.tsx
FN:8,UploadPage
FN:37,(anonymous_3)
FNF:2
FNH:2
FNDA:20,UploadPage
FNDA:55,(anonymous_3)
DA:3,1
DA:4,1
DA:5,1
DA:6,1
DA:8,20
DA:9,20
DA:38,55
LF:7
LH:7
BRDA:34,0,0,1
BRDA:36,1,0,16
BRDA:35,2,0,19
BRDA:35,2,1,19
BRDA:68,3,0,25
BRDA:72,4,0,15
BRF:6
BRH:6
end_of_record
TN:
SF:src/components/legal/AgreementTypesChart.tsx
FN:20,(anonymous_1)
FN:21,(anonymous_2)
FNF:2
FNH:2
FNDA:8,(anonymous_1)
FNDA:35,(anonymous_2)
DA:12,1
DA:20,8
DA:21,35
DA:26,8
LF:4
LH:4
BRDA:26,0,0,1
BRF:1
BRH:1
end_of_record
TN:
SF:src/components/legal/DocumentUpload.tsx
FN:18,(anonymous_1)
FN:24,(anonymous_2)
FN:30,(anonymous_3)
FN:32,(anonymous_4)
FN:42,(anonymous_5)
FN:43,(anonymous_6)
FN:65,(anonymous_7)
FN:140,(anonymous_8)
FN:149,(anonymous_9)
FNF:9
FNH:1
FNDA:20,(anonymous_1)
FNDA:0,(anonymous_2)
FNDA:0,(anonymous_3)
FNDA:0,(anonymous_4)
FNDA:0,(anonymous_5)
FNDA:0,(anonymous_6)
FNDA:0,(anonymous_7)
FNDA:0,(anonymous_8)
FNDA:0,(anonymous_9)
DA:3,1
DA:4,1
DA:6,1
DA:8,1
DA:10,1
DA:11,1
DA:18,20
DA:19,20
DA:20,20
DA:21,20
DA:23,20
DA:25,0
DA:26,0
DA:27,0
DA:30,0
DA:31,0
DA:32,0
DA:36,0
DA:38,0
DA:42,0
DA:43,0
DA:49,0
DA:50,0
DA:53,0
DA:54,0
DA:60,20
DA:66,0
DA:67,0
DA:140,0
DA:149,0
LF:30
LH:12
BRDA:31,0,0,0
BRDA:49,1,0,0
BRDA:78,2,0,0
BRDA:78,2,1,20
BRDA:79,3,0,0
BRDA:79,3,1,20
BRDA:100,4,0,0
BRDA:117,5,0,20
BRDA:136,6,0,20
BRDA:145,7,0,20
BRF:10
BRH:5
end_of_record
TN:
SF:src/components/legal/JurisdictionChart.tsx
FN:27,(anonymous_1)
FN:28,(anonymous_2)
FN:53,(anonymous_3)
FN:60,(anonymous_4)
FNF:4
FNH:3
FNDA:8,(anonymous_1)
FNDA:35,(anonymous_2)
FNDA:0,(anonymous_3)
FNDA:35,(anonymous_4)
DA:10,1
DA:14,1
DA:27,8
DA:28,35
DA:33,8
DA:54,0
DA:61,35
LF:7
LH:6
BRDA:33,0,0,1
BRF:1
BRH:1
end_of_record
TN:
SF:src/components/legal/QueryFilters.tsx
FN:18,(anonymous_1)
FN:27,(anonymous_2)
FN:38,(anonymous_3)
FN:44,(anonymous_4)
FN:48,(anonymous_5)
FN:76,(anonymous_6)
FN:79,(anonymous_7)
FN:85,(anonymous_8)
FN:105,(anonymous_9)
FN:108,(anonymous_10)
FN:114,(anonymous_11)
FN:134,(anonymous_12)
FN:137,(anonymous_13)
FN:143,(anonymous_14)
FN:163,(anonymous_15)
FN:166,(anonymous_16)
FN:172,(anonymous_17)
FN:200,(anonymous_18)
FN:208,(anonymous_19)
FN:216,(anonymous_20)
FN:224,(anonymous_21)
FNF:21
FNH:5
FNDA:4,(anonymous_1)
FNDA:0,(anonymous_2)
FNDA:0,(anonymous_3)
FNDA:0,(anonymous_4)
FNDA:0,(anonymous_5)
FNDA:0,(anonymous_6)
FNDA:0,(anonymous_7)
FNDA:20,(anonymous_8)
FNDA:0,(anonymous_9)
FNDA:0,(anonymous_10)
FNDA:20,(anonymous_11)
FNDA:0,(anonymous_12)
FNDA:0,(anonymous_13)
FNDA:20,(anonymous_14)
FNDA:0,(anonymous_15)
FNDA:0,(anonymous_16)
FNDA:16,(anonymous_17)
FNDA:0,(anonymous_18)
FNDA:0,(anonymous_19)
FNDA:0,(anonymous_20)
FNDA:0,(anonymous_21)
DA:3,1
DA:18,4
DA:23,4
DA:27,4
DA:31,0
DA:35,0
DA:38,4
DA:39,0
DA:40,0
DA:41,0
DA:44,4
DA:45,0
DA:48,4
DA:49,0
DA:77,0
DA:79,0
DA:81,0
DA:86,20
DA:106,0
DA:108,0
DA:110,0
DA:115,20
DA:135,0
DA:137,0
DA:139,0
DA:144,20
DA:164,0
DA:166,0
DA:168,0
DA:173,16
DA:201,0
DA:209,0
DA:217,0
DA:225,0
LF:34
LH:11
BRDA:24,0,0,4
BRDA:24,0,1,4
BRDA:33,1,0,0
BRDA:33,1,1,0
BRDA:49,2,0,0
BRDA:49,2,1,0
BRDA:56,3,0,4
BRDA:83,4,0,4
BRDA:83,4,1,4
BRDA:112,5,0,4
BRDA:112,5,1,4
BRDA:141,6,0,4
BRDA:141,6,1,4
BRDA:170,7,0,4
BRDA:170,7,1,4
BRDA:194,8,0,4
BRF:16
BRH:12
end_of_record
TN:
SF:src/components/legal/QueryInput.tsx
FN:21,(anonymous_1)
FN:39,(anonymous_2)
FN:51,(anonymous_3)
FN:52,(anonymous_4)
FN:64,(anonymous_5)
FN:67,(anonymous_6)
FN:75,(anonymous_7)
FN:84,(anonymous_8)
FN:90,(anonymous_9)
FN:96,(anonymous_10)
FN:121,(anonymous_11)
FN:123,(anonymous_12)
FN:162,(anonymous_13)
FN:170,(anonymous_14)
FN:171,(anonymous_15)
FN:229,(anonymous_16)
FN:232,(anonymous_17)
FNF:17
FNH:5
FNDA:29,(anonymous_1)
FNDA:14,(anonymous_2)
FNDA:14,(anonymous_3)
FNDA:0,(anonymous_4)
FNDA:14,(anonymous_5)
FNDA:0,(anonymous_6)
FNDA:0,(anonymous_7)
FNDA:0,(anonymous_8)
FNDA:0,(anonymous_9)
FNDA:0,(anonymous_10)
FNDA:0,(anonymous_11)
FNDA:0,(anonymous_12)
FNDA:0,(anonymous_13)
FNDA:0,(anonymous_14)
FNDA:0,(anonymous_15)
FNDA:145,(anonymous_16)
FNDA:0,(anonymous_17)
DA:3,1
DA:5,1
DA:6,1
DA:8,1
DA:21,15
DA:25,29
DA:26,29
DA:27,29
DA:28,29
DA:29,29
DA:35,29
DA:36,29
DA:39,29
DA:40,14
DA:41,0
DA:42,0
DA:44,14
DA:45,14
DA:51,29
DA:52,14
DA:53,0
DA:59,0
DA:63,14
DA:64,14
DA:67,29
DA:68,0
DA:69,0
DA:70,0
DA:71,0
DA:75,29
DA:76,0
DA:77,0
DA:78,0
DA:79,0
DA:80,0
DA:84,29
DA:85,0
DA:87,0
DA:89,0
DA:90,0
DA:91,0
DA:93,0
DA:95,0
DA:96,0
DA:97,0
DA:99,0
DA:100,0
DA:101,0
DA:103,0
DA:105,0
DA:107,0
DA:108,0
DA:109,0
DA:121,0
DA:123,0
DA:163,0
DA:170,0
DA:171,0
DA:230,145
DA:232,0
LF:60
LH:24
BRDA:23,0,0,0
BRDA:40,1,0,0
BRDA:40,1,1,14
BRDA:53,2,0,0
BRDA:54,3,0,0
BRDA:54,3,1,0
BRDA:54,3,2,0
BRDA:54,3,3,0
BRDA:69,4,0,0
BRDA:69,5,0,0
BRDA:69,5,1,0
BRDA:79,6,0,0
BRDA:85,7,0,0
BRDA:85,8,0,0
BRDA:85,8,1,0
BRDA:87,9,0,0
BRDA:87,9,1,0
BRDA:87,9,2,0
BRDA:87,9,3,0
BRDA:91,10,0,0
BRDA:91,10,1,0
BRDA:96,11,0,0
BRDA:96,11,1,0
BRDA:100,12,0,0
BRDA:100,12,1,0
BRDA:132,13,0,29
BRDA:132,13,1,0
BRDA:132,13,2,0
BRDA:138,14,0,0
BRDA:138,14,1,0
BRDA:166,15,0,0
BRDA:166,15,1,0
BRDA:181,16,0,29
BRDA:181,16,1,29
BRDA:187,17,0,0
BRDA:187,17,1,29
BRF:36
BRH:5
end_of_record
TN:
SF:src/components/legal/ResultsTable.tsx
FN:24,(anonymous_1)
FN:34,(anonymous_2)
FN:48,(anonymous_3)
FN:113,(anonymous_4)
FN:138,(anonymous_5)
FN:149,(anonymous_6)
FN:154,(anonymous_7)
FNF:7
FNH:5
FNDA:5,(anonymous_1)
FNDA:0,(anonymous_2)
FNDA:5,(anonymous_3)
FNDA:0,(anonymous_4)
FNDA:20,(anonymous_5)
FNDA:8,(anonymous_6)
FNDA:32,(anonymous_7)
DA:3,1
DA:6,1
DA:7,1
DA:9,1
DA:24,5
DA:31,5
DA:32,5
DA:34,5
DA:35,0
DA:36,0
DA:37,0
DA:39,0
DA:48,5
DA:49,5
DA:51,4
DA:52,4
DA:54,4
DA:57,5
DA:113,0
DA:139,20
DA:150,8
DA:155,32
LF:22
LH:17
BRDA:36,0,0,0
BRDA:36,0,1,0
BRDA:49,1,0,1
BRDA:57,2,0,1
BRDA:84,3,0,4
BRDA:84,3,1,4
BRDA:100,4,0,4
BRDA:100,4,1,0
BRDA:101,5,0,4
BRDA:101,5,1,4
BRDA:126,6,0,0
BRDA:126,6,1,4
BRDA:159,7,0,32
BRDA:159,7,1,0
BRDA:169,8,0,4
BRDA:169,8,1,4
BRDA:169,8,2,0
BRF:17
BRH:11
end_of_record
TN:
SF:src/components/legal/StatsCards.tsx
FN:9,(anonymous_1)
FN:106,(anonymous_2)
FNF:2
FNH:2
FNDA:8,(anonymous_1)
FNDA:32,(anonymous_2)
DA:9,8
DA:10,8
DA:97,8
DA:107,32
LF:4
LH:4
BRF:0
BRH:0
end_of_record
TN:
SF:src/components/ui/ErrorDisplay.tsx
FN:9,(anonymous_1)
FN:39,(anonymous_2)
FNF:2
FNH:1
FNDA:2,(anonymous_1)
FNDA:0,(anonymous_2)
DA:9,2
DA:40,0
LF:2
LH:1
BRDA:10,0,0,0
BRDA:12,1,0,2
BRDA:35,2,0,2
BRDA:37,3,0,2
BRDA:46,4,0,2
BRDA:54,5,0,2
BRDA:65,6,0,2
BRF:7
BRH:6
end_of_record
TN:
SF:src/components/ui/LoadingSkeleton.tsx
FN:1,(anonymous_4)
FN:10,(anonymous_5)
FN:20,(anonymous_6)
FN:23,(anonymous_7)
FNF:4
FNH:2
FNDA:1,(anonymous_4)
FNDA:4,(anonymous_5)
FNDA:0,(anonymous_6)
FNDA:0,(anonymous_7)
DA:1,2
DA:10,4
DA:20,2
DA:24,0
LF:4
LH:3
BRDA:1,0,0,1
BRF:1
BRH:1
end_of_record
TN:
SF:src/components/ui/Navigation.tsx
FN:8,Navigation
FN:44,(anonymous_3)
FNF:2
FNH:0
FNDA:0,Navigation
FNDA:0,(anonymous_3)
DA:3,3
DA:4,3
DA:6,3
DA:8,0
DA:9,0
DA:10,0
DA:12,0
DA:45,0
DA:46,0
LF:9
LH:3
BRDA:51,0,0,0
BRDA:51,0,1,0
BRDA:63,1,0,0
BRF:3
BRH:0
end_of_record
TN:
SF:src/components/ui/Pagination.tsx
FN:11,(anonymous_1)
FN:20,(anonymous_2)
FN:70,(anonymous_3)
FN:81,(anonymous_4)
FN:87,(anonymous_5)
FN:104,(anonymous_6)
FNF:6
FNH:0
FNDA:0,(anonymous_1)
FNDA:0,(anonymous_2)
FNDA:0,(anonymous_3)
FNDA:0,(anonymous_4)
FNDA:0,(anonymous_5)
FNDA:0,(anonymous_6)
DA:11,1
DA:18,0
DA:20,0
DA:21,0
DA:23,0
DA:25,0
DA:26,0
DA:30,0
DA:32,0
DA:33,0
DA:37,0
DA:38,0
DA:40,0
DA:41,0
DA:42,0
DA:46,0
DA:47,0
DA:51,0
DA:52,0
DA:56,0
DA:59,0
DA:70,0
DA:82,0
DA:87,0
DA:104,0
LF:25
LH:1
BRDA:15,0,0,0
BRDA:16,1,0,0
BRDA:18,2,0,0
BRDA:23,3,0,0
BRDA:23,3,1,0
BRDA:32,4,0,0
BRDA:41,5,0,0
BRDA:41,6,0,0
BRDA:41,6,1,0
BRDA:46,7,0,0
BRDA:51,8,0,0
BRDA:79,9,0,0
BRDA:84,10,0,0
BRDA:89,11,0,0
BRDA:89,11,1,0
BRF:15
BRH:0
end_of_record
TN:
SF:src/context/AuthContext.tsx
FN:31,(anonymous_8)
FN:37,(anonymous_9)
FN:38,(anonymous_10)
FN:58,(anonymous_11)
FN:78,(anonymous_12)
FN:100,(anonymous_13)
FNF:6
FNH:0
FNDA:0,(anonymous_8)
FNDA:0,(anonymous_9)
FNDA:0,(anonymous_10)
FNDA:0,(anonymous_11)
FNDA:0,(anonymous_12)
FNDA:0,(anonymous_13)
DA:3,4
DA:10,4
DA:11,4
DA:13,4
DA:23,4
DA:31,4
DA:32,0
DA:33,0
DA:34,0
DA:37,0
DA:38,0
DA:39,0
DA:40,0
DA:42,0
DA:43,0
DA:44,0
DA:46,0
DA:47,0
DA:48,0
DA:52,0
DA:55,0
DA:58,0
DA:59,0
DA:60,0
DA:63,0
DA:64,0
DA:65,0
DA:67,0
DA:69,0
DA:70,0
DA:72,0
DA:73,0
DA:74,0
DA:78,0
DA:79,0
DA:80,0
DA:81,0
DA:82,0
DA:100,4
DA:101,0
DA:102,0
DA:103,0
DA:105,0
LF:43
LH:7
BRDA:42,0,0,0
BRDA:42,1,0,0
BRDA:42,1,1,0
BRDA:73,2,0,0
BRDA:73,2,1,0
BRDA:102,3,0,0
BRF:6
BRH:0
end_of_record
TN:
SF:src/guards/AuthGuard.tsx
FN:13,AuthGuard
FN:19,(anonymous_3)
FN:23,(anonymous_4)
FNF:3
FNH:0
FNDA:0,AuthGuard
FNDA:0,(anonymous_3)
FNDA:0,(anonymous_4)
DA:3,3
DA:4,3
DA:6,3
DA:7,3
DA:13,3
DA:14,0
DA:15,0
DA:16,0
DA:19,0
DA:20,0
DA:23,0
DA:24,0
DA:25,0
DA:30,0
DA:42,0
DA:54,0
DA:55,0
LF:17
LH:5
BRDA:24,0,0,0
BRDA:24,1,0,0
BRDA:24,1,1,0
BRDA:30,2,0,0
BRDA:42,3,0,0
BRDA:54,4,0,0
BRF:6
BRH:0
end_of_record
TN:
SF:src/hooks/useAuth.ts
FN:28,(anonymous_1)
FNF:1
FNH:0
FNDA:0,(anonymous_1)
DA:3,4
DA:5,4
DA:28,4
DA:29,0
DA:31,0
DA:32,0
DA:35,0
LF:7
LH:3
BRDA:31,0,0,0
BRF:1
BRH:0
end_of_record
TN:
SF:src/hooks/useDashboard.ts
FN:7,(anonymous_1)
FN:15,(anonymous_2)
FNF:2
FNH:0
FNDA:0,(anonymous_1)
FNDA:0,(anonymous_2)
DA:3,1
DA:5,1
DA:7,1
DA:13,0
DA:15,0
DA:21,0
LF:6
LH:3
BRF:0
BRH:0
end_of_record
TN:
SF:src/hooks/useDebounce.ts
FN:11,useDebounce
FN:14,(anonymous_2)
FN:15,(anonymous_3)
FN:19,(anonymous_4)
FNF:4
FNH:3
FNDA:29,useDebounce
FNDA:14,(anonymous_2)
FNDA:0,(anonymous_3)
FNDA:14,(anonymous_4)
DA:3,1
DA:11,29
DA:12,29
DA:14,29
DA:15,14
DA:16,0
DA:19,14
DA:20,14
DA:24,29
LF:9
LH:8
BRF:0
BRH:0
end_of_record
TN:
SF:src/hooks/useDocumentQuery.ts
FN:10,(anonymous_2)
FN:22,(anonymous_3)
FN:23,(anonymous_4)
FN:25,(anonymous_5)
FN:31,(anonymous_6)
FN:36,(anonymous_7)
FN:42,(anonymous_8)
FN:48,(anonymous_9)
FN:54,(anonymous_10)
FN:75,(anonymous_11)
FNF:10
FNH:0
FNDA:0,(anonymous_2)
FNDA:0,(anonymous_3)
FNDA:0,(anonymous_4)
FNDA:0,(anonymous_5)
FNDA:0,(anonymous_6)
FNDA:0,(anonymous_7)
FNDA:0,(anonymous_8)
FNDA:0,(anonymous_9)
FNDA:0,(anonymous_10)
FNDA:0,(anonymous_11)
DA:3,1
DA:4,1
DA:5,1
DA:7,1
DA:10,1
DA:11,0
DA:12,0
DA:21,0
DA:22,0
DA:25,0
DA:27,0
DA:28,0
DA:32,0
DA:36,0
DA:37,0
DA:38,0
DA:39,0
DA:42,0
DA:43,0
DA:44,0
DA:45,0
DA:48,0
DA:49,0
DA:50,0
DA:51,0
DA:54,0
DA:55,0
DA:61,0
DA:62,0
DA:65,0
DA:75,0
LF:31
LH:5
BRDA:27,0,0,0
BRDA:32,1,0,0
BRDA:32,1,1,0
BRF:3
BRH:0
end_of_record
TN:
SF:src/hooks/useDocuments.ts
FN:9,(anonymous_2)
FN:21,(anonymous_3)
FN:24,(anonymous_4)
FN:30,(anonymous_5)
FN:31,(anonymous_6)
FN:34,(anonymous_7)
FN:44,(anonymous_8)
FNF:7
FNH:0
FNDA:0,(anonymous_2)
FNDA:0,(anonymous_3)
FNDA:0,(anonymous_4)
FNDA:0,(anonymous_5)
FNDA:0,(anonymous_6)
FNDA:0,(anonymous_7)
FNDA:0,(anonymous_8)
DA:3,1
DA:4,1
DA:5,1
DA:7,1
DA:9,1
DA:10,0
DA:11,0
DA:19,0
DA:21,0
DA:24,0
DA:29,0
DA:31,0
DA:32,0
DA:35,0
DA:36,0
DA:38,0
DA:42,0
DA:45,0
DA:46,0
DA:50,0
LF:20
LH:5
BRDA:45,0,0,0
BRDA:45,0,1,0
BRF:2
BRH:0
end_of_record
TN:
SF:src/hooks/useExport.ts
FN:9,(anonymous_2)
FN:12,(anonymous_3)
FN:25,(anonymous_4)
FN:49,(anonymous_5)
FN:73,(anonymous_6)
FNF:5
FNH:1
FNDA:5,(anonymous_2)
FNDA:0,(anonymous_3)
FNDA:0,(anonymous_4)
FNDA:0,(anonymous_5)
FNDA:0,(anonymous_6)
DA:3,2
DA:4,2
DA:6,2
DA:9,6
DA:10,5
DA:12,5
DA:13,0
DA:15,0
DA:16,0
DA:17,0
DA:18,0
DA:19,0
DA:20,0
DA:21,0
DA:22,0
DA:25,5
DA:26,0
DA:27,0
DA:28,0
DA:36,0
DA:37,0
DA:39,0
DA:41,0
DA:42,0
DA:43,0
DA:45,0
DA:49,5
DA:50,0
DA:51,0
DA:52,0
DA:60,0
DA:61,0
DA:63,0
DA:65,0
DA:66,0
DA:67,0
DA:69,0
DA:73,5
DA:74,0
DA:75,0
DA:76,0
DA:81,0
DA:82,0
DA:83,0
DA:85,0
DA:87,0
DA:88,0
DA:89,0
DA:91,0
DA:95,5
LF:50
LH:10
BRDA:13,0,0,0
BRF:1
BRH:0
end_of_record
TN:
SF:src/hooks/useQuerySuggestions.ts
FN:19,(anonymous_1)
FN:24,(anonymous_2)
FN:45,(anonymous_3)
FNF:3
FNH:2
FNDA:29,(anonymous_1)
FNDA:0,(anonymous_2)
FNDA:14,(anonymous_3)
DA:3,1
DA:5,1
DA:19,29
DA:20,29
DA:21,29
DA:22,29
DA:24,29
DA:25,0
DA:26,0
DA:27,0
DA:30,0
DA:31,0
DA:33,0
DA:34,0
DA:35,0
DA:37,0
DA:38,0
DA:39,0
DA:41,0
DA:45,29
DA:46,14
DA:47,14
DA:50,29
LF:23
LH:11
BRDA:25,0,0,0
BRDA:38,1,0,0
BRDA:38,1,1,0
BRF:3
BRH:0
end_of_record
TN:
SF:src/hooks/useWebSocket.ts
FN:18,(anonymous_1)
FN:26,(anonymous_2)
FN:53,(anonymous_3)
FN:70,(anonymous_4)
FN:80,(anonymous_5)
FN:83,(anonymous_6)
FN:102,(anonymous_7)
FN:110,(anonymous_8)
FN:122,(anonymous_9)
FN:135,(anonymous_10)
FN:142,(anonymous_11)
FN:170,(anonymous_12)
FN:174,(anonymous_13)
FNF:13
FNH:0
FNDA:0,(anonymous_1)
FNDA:0,(anonymous_2)
FNDA:0,(anonymous_3)
FNDA:0,(anonymous_4)
FNDA:0,(anonymous_5)
FNDA:0,(anonymous_6)
FNDA:0,(anonymous_7)
FNDA:0,(anonymous_8)
FNDA:0,(anonymous_9)
FNDA:0,(anonymous_10)
FNDA:0,(anonymous_11)
FNDA:0,(anonymous_12)
FNDA:0,(anonymous_13)
DA:3,1
DA:4,1
DA:18,1
DA:19,0
DA:20,0
DA:21,0
DA:22,0
DA:23,0
DA:24,0
DA:26,0
DA:28,0
DA:31,0
DA:35,0
DA:38,0
DA:40,0
DA:42,0
DA:45,0
DA:46,0
DA:47,0
DA:49,0
DA:51,0
DA:53,0
DA:54,0
DA:55,0
DA:56,0
DA:59,0
DA:60,0
DA:61,0
DA:64,0
DA:65,0
DA:66,0
DA:70,0
DA:71,0
DA:73,0
DA:74,0
DA:76,0
DA:77,0
DA:80,0
DA:81,0
DA:83,0
DA:84,0
DA:95,0
DA:98,0
DA:102,0
DA:103,0
DA:104,0
DA:105,0
DA:106,0
DA:110,0
DA:111,0
DA:112,0
DA:113,0
DA:115,0
DA:116,0
DA:120,0
DA:121,0
DA:122,0
DA:123,0
DA:128,0
DA:130,0
DA:131,0
DA:134,0
DA:135,0
DA:136,0
DA:142,0
DA:144,0
DA:145,0
DA:146,0
DA:149,0
DA:150,0
DA:151,0
DA:154,0
DA:158,0
DA:159,0
DA:162,0
DA:163,0
DA:166,0
DA:170,0
DA:171,0
DA:172,0
DA:174,0
DA:175,0
DA:176,0
DA:180,0
LF:84
LH:3
BRDA:18,0,0,0
BRDA:28,1,0,0
BRDA:28,2,0,0
BRDA:28,2,1,0
BRDA:31,3,0,0
BRDA:32,4,0,0
BRDA:32,4,1,0
BRDA:42,5,0,0
BRDA:42,5,1,0
BRDA:45,6,0,0
BRDA:45,6,1,0
BRDA:54,7,0,0
BRDA:64,8,0,0
BRDA:71,9,0,0
BRDA:76,10,0,0
BRDA:81,11,0,0
BRDA:84,12,0,0
BRDA:84,12,1,0
BRDA:105,13,0,0
BRDA:115,14,0,0
BRDA:120,15,0,0
BRDA:120,16,0,0
BRDA:120,16,1,0
BRDA:134,17,0,0
BRDA:144,18,0,0
BRDA:149,19,0,0
BRDA:154,20,0,0
BRDA:155,21,0,0
BRDA:155,21,1,0
BRF:29
BRH:0
end_of_record
TN:
SF:src/providers/ClientProviders.tsx
FN:11,WebSocketProvider
FN:29,ClientProviders
FNF:2
FNH:2
FNDA:16,WebSocketProvider
FNDA:16,ClientProviders
DA:3,1
DA:4,1
DA:6,1
DA:7,1
DA:8,1
DA:14,16
DA:29,16
LF:7
LH:7
BRDA:20,0,0,16
BRF:1
BRH:1
end_of_record
TN:
SF:src/providers/QueryProvider.tsx
FN:6,QueryProvider
FN:8,(anonymous_2)
FNF:2
FNH:0
FNDA:0,QueryProvider
FNDA:0,(anonymous_2)
DA:3,0
DA:4,0
DA:6,0
DA:7,0
DA:9,0
LF:5
LH:0
BRF:0
BRH:0
end_of_record
